<?xml version="1.0" encoding="UTF-8"?>
<!-- Generated by org.testng.reporters.JUnitReportReporter -->
<testsuite hostname="M7-DX-HTVQXJ2" name="Cucumber.RunnerClass" tests="1" failures="0" timestamp="8 Aug 2019 06:12:45 GMT" time="30.595" errors="0">
  <testcase name="feature" time="30.595" classname="Cucumber.RunnerClass"/>
</testsuite> <!-- Cucumber.RunnerClass -->
